<?xml version="1.0" encoding="UTF-8"?>
<testng-results ignored="0" total="1" passed="1" failed="0" skipped="0">
  <reporter-output>
  </reporter-output>
  <suite started-at="2021-04-05T04:30:36Z" name="Suite" finished-at="2021-04-05T04:31:54Z" duration-ms="78178">
    <groups>
    </groups>
    <test started-at="2021-04-05T04:30:36Z" name="Test" finished-at="2021-04-05T04:31:54Z" duration-ms="78178">
      <class name="testcases.IXIGO_E2E_Page_Test">
        <test-method is-config="true" signature="setup()[pri:0, instance:testcases.IXIGO_E2E_Page_Test@53f6fd09]" started-at="2021-04-05T04:30:36Z" name="setup" finished-at="2021-04-05T04:30:48Z" duration-ms="12037" status="PASS">
          <reporter-output>
          </reporter-output>
        </test-method> <!-- setup -->
        <test-method signature="LoginPageTest(java.util.HashMap)[pri:0, instance:testcases.IXIGO_E2E_Page_Test@53f6fd09]" started-at="2021-04-05T04:30:48Z" name="LoginPageTest" data-provider="DP" finished-at="2021-04-05T04:31:52Z" duration-ms="64223" status="PASS">
          <params>
            <param index="0">
              <value>
                <![CDATA[{from=Delhi, to=Bengaluru, travellers=2}]]>
              </value>
            </param>
          </params>
          <reporter-output>
          </reporter-output>
        </test-method> <!-- LoginPageTest -->
        <test-method is-config="true" signature="tearup()[pri:0, instance:testcases.IXIGO_E2E_Page_Test@53f6fd09]" started-at="2021-04-05T04:31:52Z" name="tearup" finished-at="2021-04-05T04:31:54Z" duration-ms="1817" status="PASS">
          <reporter-output>
          </reporter-output>
        </test-method> <!-- tearup -->
      </class> <!-- testcases.IXIGO_E2E_Page_Test -->
    </test> <!-- Test -->
  </suite> <!-- Suite -->
</testng-results>
